<?xml version="1.0" encoding="UTF-8"?>
<!-- Generated by org.testng.reporters.JUnitXMLReporter -->
<testsuite hostname="CHANDANB-PC" name="Default test" tests="11" failures="0" timestamp="10 Jan 2020 12:06:54 GMT" time="110.193" errors="0">
  <testcase name="checkHomePageTitle" time="0.091" classname="com.mavenAccuride.test.BuyProductByNotLoggedInUser"/>
  <testcase name="searchProductOnTheSearchbox" time="20.496" classname="com.mavenAccuride.test.BuyProductByNotLoggedInUser"/>
  <testcase name="intialProductQuantity" time="2.042" classname="com.mavenAccuride.test.BuyProductByNotLoggedInUser"/>
  <testcase name="increasingTheProductCountViaDirectField" time="2.244" classname="com.mavenAccuride.test.BuyProductByNotLoggedInUser"/>
  <testcase name="productAddToCart" time="3.128" classname="com.mavenAccuride.test.BuyProductByNotLoggedInUser"/>
  <testcase name="verifyTheCardDialogBox" time="13.467" classname="com.mavenAccuride.test.BuyProductByNotLoggedInUser"/>
  <testcase name="verifyTheProductOnShoppingPage" time="5.199" classname="com.mavenAccuride.test.BuyProductByNotLoggedInUser"/>
  <testcase name="verifyTheProceedToCartButton" time="11.088" classname="com.mavenAccuride.test.BuyProductByNotLoggedInUser"/>
  <testcase name="checkShippingPageTitle" time="8.164" classname="com.mavenAccuride.test.BuyProductByNotLoggedInUser"/>
  <testcase name="checkingUserIsNotLoggedIn" time="0.133" classname="com.mavenAccuride.test.BuyProductByNotLoggedInUser"/>
  <testcase name="validUserLogin" time="31.656" classname="com.mavenAccuride.test.BuyProductByNotLoggedInUser"/>
</testsuite> <!-- Default test -->
