<?xml version="1.0" encoding="UTF-8"?>
<!-- Generated by org.testng.reporters.JUnitXMLReporter -->
<testsuite hostname="CHANDANB-PC" name="Test" tests="12" failures="0" timestamp="6 Feb 2020 07:53:07 GMT" time="136.989" errors="0">
  <testcase name="checkHomePageTitle" time="0.114" classname="com.mavenAccuride.test.BuyProductIfUserIsNotLoggedIn"/>
  <testcase name="searchProductOnTheSearchbox" time="20.445" classname="com.mavenAccuride.test.BuyProductIfUserIsNotLoggedIn"/>
  <testcase name="intialProductQuantity" time="2.072" classname="com.mavenAccuride.test.BuyProductIfUserIsNotLoggedIn"/>
  <testcase name="increasingTheProductCountViaDirectField" time="2.254" classname="com.mavenAccuride.test.BuyProductIfUserIsNotLoggedIn"/>
  <testcase name="productAddToCart" time="3.13" classname="com.mavenAccuride.test.BuyProductIfUserIsNotLoggedIn"/>
  <testcase name="verifyTheCardDialogBox" time="16.565" classname="com.mavenAccuride.test.BuyProductIfUserIsNotLoggedIn"/>
  <testcase name="verifyTheProductOnShoppingPage" time="5.24" classname="com.mavenAccuride.test.BuyProductIfUserIsNotLoggedIn"/>
  <testcase name="verifyTheProceedToCartButton" time="19.55" classname="com.mavenAccuride.test.BuyProductIfUserIsNotLoggedIn"/>
  <testcase name="checkShippingPageTitle" time="8.157" classname="com.mavenAccuride.test.BuyProductIfUserIsNotLoggedIn"/>
  <testcase name="checkingUserIsNotLoggedIn" time="0.115" classname="com.mavenAccuride.test.BuyProductIfUserIsNotLoggedIn"/>
  <testcase name="validUserLogin" time="41.795" classname="com.mavenAccuride.test.BuyProductIfUserIsNotLoggedIn"/>
  <testcase name="goingToThePayementPage" time="6.361" classname="com.mavenAccuride.test.BuyProductIfUserIsNotLoggedIn"/>
</testsuite> <!-- Test -->
