<?xml version="1.0" encoding="UTF-8"?>
<testsuite xmlns:xsi="http://www.w3.org/2001/XMLSchema-instance" xsi:schemaLocation="https://maven.apache.org/surefire/maven-surefire-plugin/xsd/surefire-test-report.xsd" name="TestSuite" time="137.438" tests="12" errors="0" skipped="0" failures="0">
  <properties>
[...]
</properties>
  <testcase name="checkHomePageTitle" classname="com.mavenAccuride.test.BuyProductIfUserIsNotLoggedIn" time="0.115"/>
  <testcase name="searchProductOnTheSearchbox" classname="com.mavenAccuride.test.BuyProductIfUserIsNotLoggedIn" time="20.442"/>
  <testcase name="intialProductQuantity" classname="com.mavenAccuride.test.BuyProductIfUserIsNotLoggedIn" time="2.072"/>
  <testcase name="increasingTheProductCountViaDirectField" classname="com.mavenAccuride.test.BuyProductIfUserIsNotLoggedIn" time="2.254"/>
  <testcase name="productAddToCart" classname="com.mavenAccuride.test.BuyProductIfUserIsNotLoggedIn" time="3.131"/>
  <testcase name="verifyTheCardDialogBox" classname="com.mavenAccuride.test.BuyProductIfUserIsNotLoggedIn" time="16.565"/>
  <testcase name="verifyTheProductOnShoppingPage" classname="com.mavenAccuride.test.BuyProductIfUserIsNotLoggedIn" time="5.24"/>
  <testcase name="verifyTheProceedToCartButton" classname="com.mavenAccuride.test.BuyProductIfUserIsNotLoggedIn" time="19.55"/>
  <testcase name="checkShippingPageTitle" classname="com.mavenAccuride.test.BuyProductIfUserIsNotLoggedIn" time="8.157"/>
  <testcase name="checkingUserIsNotLoggedIn" classname="com.mavenAccuride.test.BuyProductIfUserIsNotLoggedIn" time="0.115"/>
  <testcase name="validUserLogin" classname="com.mavenAccuride.test.BuyProductIfUserIsNotLoggedIn" time="41.796"/>
  <testcase name="goingToThePayementPage" classname="com.mavenAccuride.test.BuyProductIfUserIsNotLoggedIn" time="6.361"/>
</testsuite>